# JRE version: Java(TM) SE Runtime Environment 18.9 (11.0.7+8) (build 11.0.7+8-LTS)
# Java VM: Java HotSpot(TM) 64-Bit Server VM 18.9 (11.0.7+8-LTS, mixed mode, tiered, compressed oops, g1 gc, windows-amd64)
Heap:
 garbage-first heap   total 189440K, used 146589K [0x0000000081800000, 0x0000000100000000)
  region size 1024K, 111 young (113664K), 10 survivors (10240K)
 Metaspace       used 74694K, capacity 76564K, committed 76712K, reserved 1116160K
  class space    used 9769K, capacity 10509K, committed 10572K, reserved 1048576K
GC Heap History (10 events):
Event: 9.477 GC heap after
{Heap after GC invocations=14 (full 0):
 garbage-first heap   total 157696K, used 30566K [0x0000000081800000, 0x0000000100000000)
  region size 1024K, 7 young (7168K), 7 survivors (7168K)
 Metaspace       used 35789K, capacity 37046K, committed 37200K, reserved 1081344K
  class space    used 4513K, capacity 5015K, committed 5068K, reserved 1048576K
}
Event: 10.880 GC heap before
{Heap before GC invocations=14 (full 0):
 garbage-first heap   total 157696K, used 116582K [0x0000000081800000, 0x0000000100000000)
  region size 1024K, 93 young (95232K), 7 survivors (7168K)
 Metaspace       used 43671K, capacity 44909K, committed 45008K, reserved 1089536K
  class space    used 5424K, capacity 5924K, committed 5964K, reserved 1048576K
}
Event: 10.893 GC heap after
{Heap after GC invocations=15 (full 0):
 garbage-first heap   total 157696K, used 32985K [0x0000000081800000, 0x0000000100000000)
  region size 1024K, 9 young (9216K), 9 survivors (9216K)
 Metaspace       used 43671K, capacity 44909K, committed 45008K, reserved 1089536K
  class space    used 5424K, capacity 5924K, committed 5964K, reserved 1048576K
}
Event: 12.426 GC heap before
{Heap before GC invocations=15 (full 0):
 garbage-first heap   total 157696K, used 116953K [0x0000000081800000, 0x0000000100000000)
  region size 1024K, 92 young (94208K), 9 survivors (9216K)
 Metaspace       used 53126K, capacity 54459K, committed 54736K, reserved 1097728K
  class space    used 6679K, capacity 7191K, committed 7244K, reserved 1048576K
}
Event: 12.446 GC heap after
{Heap after GC invocations=16 (full 0):
 garbage-first heap   total 189440K, used 37493K [0x0000000081800000, 0x0000000100000000)
  region size 1024K, 9 young (9216K), 9 survivors (9216K)
 Metaspace       used 53126K, capacity 54459K, committed 54736K, reserved 1097728K
  class space    used 6679K, capacity 7191K, committed 7244K, reserved 1048576K
}
Event: 13.316 GC heap before
{Heap before GC invocations=16 (full 0):
 garbage-first heap   total 189440K, used 107125K [0x0000000081800000, 0x0000000100000000)
  region size 1024K, 78 young (79872K), 9 survivors (9216K)
 Metaspace       used 58875K, capacity 60287K, committed 60496K, reserved 1101824K
  class space    used 7603K, capacity 8117K, committed 8140K, reserved 1048576K
}
Event: 13.332 GC heap after
{Heap after GC invocations=17 (full 0):
 garbage-first heap   total 189440K, used 40185K [0x0000000081800000, 0x0000000100000000)
  region size 1024K, 10 young (10240K), 10 survivors (10240K)
 Metaspace       used 58875K, capacity 60287K, committed 60496K, reserved 1101824K
  class space    used 7603K, capacity 8117K, committed 8140K, reserved 1048576K
}
Event: 14.991 GC heap before
{Heap before GC invocations=18 (full 0):
 garbage-first heap   total 189440K, used 143609K [0x0000000081800000, 0x0000000100000000)
  region size 1024K, 111 young (113664K), 10 survivors (10240K)
 Metaspace       used 65823K, capacity 67533K, committed 67752K, reserved 1107968K
  class space    used 8602K, capacity 9254K, committed 9292K, reserved 1048576K
}
Event: 15.011 GC heap after
{Heap after GC invocations=19 (full 0):
 garbage-first heap   total 189440K, used 43165K [0x0000000081800000, 0x0000000100000000)
  region size 1024K, 10 young (10240K), 10 survivors (10240K)
 Metaspace       used 65823K, capacity 67533K, committed 67752K, reserved 1107968K
  class space    used 8602K, capacity 9254K, committed 9292K, reserved 1048576K
}
Event: 113.300 GC heap before
{Heap before GC invocations=19 (full 0):
 garbage-first heap   total 189440K, used 145565K [0x0000000081800000, 0x0000000100000000)
  region size 1024K, 111 young (113664K), 10 survivors (10240K)
 Metaspace       used 74694K, capacity 76564K, committed 76712K, reserved 1116160K
  class space    used 9769K, capacity 10509K, committed 10572K, reserved 1048576K
}

